<?xml version="1.0" encoding="UTF-8"?>
<robot generator="Robot 3.1.2 (Python 3.8.1 on win32)" generated="20200214 15:15:59.325" rpa="false">
<suite id="s1" name="FirstRobotProj" source="C:\Users\DELL_4\git\FirstRobotProject\FirstRobotProj">
<suite id="s1-s1" name="TestSuite1" source="C:\Users\DELL_4\git\FirstRobotProject\FirstRobotProj\TestSuite1.robot">
<test id="s1-s1-t1" name="FirstTest">
<kw name="Log" library="BuiltIn">
<doc>Logs the given message with the given level.</doc>
<arguments>
<arg>Hey Juanchooo!</arg>
</arguments>
<msg timestamp="20200214 15:15:59.685" level="INFO">Hey Juanchooo!</msg>
<status status="PASS" starttime="20200214 15:15:59.684" endtime="20200214 15:15:59.685"></status>
</kw>
<tags>
<tag>sanity</tag>
</tags>
<status status="PASS" starttime="20200214 15:15:59.683" endtime="20200214 15:15:59.685" critical="yes"></status>
</test>
<test id="s1-s1-t2" name="SecondTest">
<kw name="loginKW">
<kw name="Open Browser" library="SeleniumLibrary">
<doc>Opens a new browser instance to the optional ``url``.</doc>
<arguments>
<arg>${URL}</arg>
<arg>chrome</arg>
</arguments>
<msg timestamp="20200214 15:15:59.687" level="INFO">Opening browser 'chrome' to base url 'https://www.nngroup.com/articles/113-design-guidelines-homepage-usability/'.</msg>
<status status="PASS" starttime="20200214 15:15:59.687" endtime="20200214 15:16:07.538"></status>
</kw>
<kw name="Click Element" library="SeleniumLibrary">
<doc>Click the element identified by ``locator``.</doc>
<arguments>
<arg>xpath=//*[@id="searchSection"]/div/input</arg>
</arguments>
<msg timestamp="20200214 15:16:07.539" level="INFO">Clicking element 'xpath=//*[@id="searchSection"]/div/input'.</msg>
<status status="PASS" starttime="20200214 15:16:07.538" endtime="20200214 15:16:07.668"></status>
</kw>
<kw name="Input Text" library="SeleniumLibrary">
<doc>Types the given ``text`` into the text field identified by ``locator``.</doc>
<arguments>
<arg>xpath=//*[@id="searchSection"]/div/input</arg>
<arg>peu importe</arg>
</arguments>
<msg timestamp="20200214 15:16:07.669" level="INFO">Typing text 'peu importe' into text field 'xpath=//*[@id="searchSection"]/div/input'.</msg>
<status status="PASS" starttime="20200214 15:16:07.668" endtime="20200214 15:16:07.885"></status>
</kw>
<kw name="Sleep" library="BuiltIn">
<doc>Pauses the test executed for the given time.</doc>
<arguments>
<arg>5</arg>
</arguments>
<msg timestamp="20200214 15:16:12.887" level="INFO">Slept 5 seconds</msg>
<status status="PASS" starttime="20200214 15:16:07.885" endtime="20200214 15:16:12.887"></status>
</kw>
<kw name="Close Browser" library="SeleniumLibrary">
<doc>Closes the current browser.</doc>
<status status="PASS" starttime="20200214 15:16:12.887" endtime="20200214 15:16:15.023"></status>
</kw>
<status status="PASS" starttime="20200214 15:15:59.686" endtime="20200214 15:16:15.025"></status>
</kw>
<tags>
<tag>sanity</tag>
</tags>
<status status="PASS" starttime="20200214 15:15:59.686" endtime="20200214 15:16:15.026" critical="yes"></status>
</test>
<status status="PASS" starttime="20200214 15:15:59.396" endtime="20200214 15:16:15.029"></status>
</suite>
<status status="PASS" starttime="20200214 15:15:59.365" endtime="20200214 15:16:15.036"></status>
</suite>
<statistics>
<total>
<stat pass="2" fail="0">Critical Tests</stat>
<stat pass="2" fail="0">All Tests</stat>
</total>
<tag>
<stat pass="2" fail="0">sanity</stat>
</tag>
<suite>
<stat pass="2" fail="0" id="s1" name="FirstRobotProj">FirstRobotProj</stat>
<stat pass="2" fail="0" id="s1-s1" name="TestSuite1">FirstRobotProj.TestSuite1</stat>
</suite>
</statistics>
<errors>
</errors>
</robot>
