<?xml version="1.0" encoding="UTF-8"?>
<robot generator="Robot 3.1.2 (Python 3.8.1 on win32)" generated="20200211 15:49:18.679" rpa="false">
<suite id="s1" name="RobotProject1" source="C:\Users\DELL_4\eclipse-workspace\RobotProject1">
<suite id="s1-s1" name="Test" source="C:\Users\DELL_4\eclipse-workspace\RobotProject1\Test">
<suite id="s1-s1-s1" name="testSuite1" source="C:\Users\DELL_4\eclipse-workspace\RobotProject1\Test\testSuite1.robot">
<test id="s1-s1-s1-t1" name="MyFirstTest">
<kw name="Log" library="BuiltIn">
<doc>Logs the given message with the given level.</doc>
<arguments>
<arg>hello juan</arg>
</arguments>
<msg timestamp="20200211 15:49:19.007" level="INFO">hello juan</msg>
<status status="PASS" starttime="20200211 15:49:19.007" endtime="20200211 15:49:19.007"></status>
</kw>
<kw name="Log" library="BuiltIn">
<doc>Logs the given message with the given level.</doc>
<arguments>
<arg>boyboy</arg>
</arguments>
<msg timestamp="20200211 15:49:19.008" level="INFO">boyboy</msg>
<status status="PASS" starttime="20200211 15:49:19.008" endtime="20200211 15:49:19.009"></status>
</kw>
<tags>
<tag>FirstSeleniumTest</tag>
</tags>
<status status="PASS" starttime="20200211 15:49:19.006" endtime="20200211 15:49:19.009" critical="yes"></status>
</test>
<test id="s1-s1-s1-t2" name="FirstSeleniumTest">
<kw name="Open Browser" library="SeleniumLibrary">
<doc>Opens a new browser instance to the optional ``url``.</doc>
<arguments>
<arg>https://google.com</arg>
<arg>chrome</arg>
</arguments>
<msg timestamp="20200211 15:49:19.011" level="INFO">Opening browser 'chrome' to base url 'https://google.com'.</msg>
<status status="PASS" starttime="20200211 15:49:19.010" endtime="20200211 15:49:25.390"></status>
</kw>
<kw name="Maximize Browser Window" library="SeleniumLibrary">
<doc>Maximizes current browser window.</doc>
<status status="PASS" starttime="20200211 15:49:25.391" endtime="20200211 15:49:29.526"></status>
</kw>
<kw name="Input Text" library="SeleniumLibrary">
<doc>Types the given ``text`` into the text field identified by ``locator``.</doc>
<arguments>
<arg>//*[@id="tsf"]/div[2]/div[1]/div[1]/div/div[2]/input</arg>
<arg>gracias</arg>
</arguments>
<msg timestamp="20200211 15:49:29.528" level="INFO">Typing text 'gracias' into text field '//*[@id="tsf"]/div[2]/div[1]/div[1]/div/div[2]/input'.</msg>
<status status="PASS" starttime="20200211 15:49:29.527" endtime="20200211 15:49:29.679"></status>
</kw>
<kw name="Sleep" library="BuiltIn">
<doc>Pauses the test executed for the given time.</doc>
<arguments>
<arg>2</arg>
</arguments>
<msg timestamp="20200211 15:49:31.682" level="INFO">Slept 2 seconds</msg>
<status status="PASS" starttime="20200211 15:49:29.679" endtime="20200211 15:49:31.682"></status>
</kw>
<kw name="Close Browser" library="SeleniumLibrary">
<doc>Closes the current browser.</doc>
<status status="PASS" starttime="20200211 15:49:31.682" endtime="20200211 15:49:33.868"></status>
</kw>
<doc>this is a sample login test
</doc>
<tags>
<tag>FirstSeleniumTest</tag>
</tags>
<status status="PASS" starttime="20200211 15:49:19.009" endtime="20200211 15:49:33.871" critical="yes"></status>
</test>
<test id="s1-s1-s1-t3" name="SecondTest">
<kw name="Log" library="BuiltIn">
<doc>Logs the given message with the given level.</doc>
<arguments>
<arg>yo soy un teso</arg>
</arguments>
<msg timestamp="20200211 15:49:33.879" level="INFO">yo soy un teso</msg>
<status status="PASS" starttime="20200211 15:49:33.877" endtime="20200211 15:49:33.880"></status>
</kw>
<doc>This is another test example with tags</doc>
<tags>
<tag>smoke</tag>
</tags>
<status status="PASS" starttime="20200211 15:49:33.874" endtime="20200211 15:49:33.882" critical="yes"></status>
</test>
<status status="PASS" starttime="20200211 15:49:18.761" endtime="20200211 15:49:33.887"></status>
</suite>
<status status="PASS" starttime="20200211 15:49:18.757" endtime="20200211 15:49:33.899"></status>
</suite>
<status status="PASS" starttime="20200211 15:49:18.726" endtime="20200211 15:49:33.904"></status>
</suite>
<statistics>
<total>
<stat pass="3" fail="0">Critical Tests</stat>
<stat pass="3" fail="0">All Tests</stat>
</total>
<tag>
<stat pass="2" fail="0">FirstSeleniumTest</stat>
<stat pass="1" fail="0">smoke</stat>
</tag>
<suite>
<stat pass="3" fail="0" id="s1" name="RobotProject1">RobotProject1</stat>
<stat pass="3" fail="0" id="s1-s1" name="Test">RobotProject1.Test</stat>
<stat pass="3" fail="0" id="s1-s1-s1" name="testSuite1">RobotProject1.Test.testSuite1</stat>
</suite>
</statistics>
<errors>
</errors>
</robot>
